running egg_info
writing ../../build/assignment1_rt/assignment1_rt.egg-info/PKG-INFO
writing dependency_links to ../../build/assignment1_rt/assignment1_rt.egg-info/dependency_links.txt
writing entry points to ../../build/assignment1_rt/assignment1_rt.egg-info/entry_points.txt
writing requirements to ../../build/assignment1_rt/assignment1_rt.egg-info/requires.txt
writing top-level names to ../../build/assignment1_rt/assignment1_rt.egg-info/top_level.txt
reading manifest file '../../build/assignment1_rt/assignment1_rt.egg-info/SOURCES.txt'
writing manifest file '../../build/assignment1_rt/assignment1_rt.egg-info/SOURCES.txt'
running build
running build_py
copying assignment1_rt/user_interface.py -> /home/mohamed/RT/build/assignment1_rt/build/lib/assignment1_rt
running install
running install_lib
copying /home/mohamed/RT/build/assignment1_rt/build/lib/assignment1_rt/user_interface.py -> /home/mohamed/RT/install/assignment1_rt/lib/python3.10/site-packages/assignment1_rt
byte-compiling /home/mohamed/RT/install/assignment1_rt/lib/python3.10/site-packages/assignment1_rt/user_interface.py to user_interface.cpython-310.pyc
running install_egg_info
removing '/home/mohamed/RT/install/assignment1_rt/lib/python3.10/site-packages/assignment1_rt-0.0.0-py3.10.egg-info' (and everything under it)
Copying ../../build/assignment1_rt/assignment1_rt.egg-info to /home/mohamed/RT/install/assignment1_rt/lib/python3.10/site-packages/assignment1_rt-0.0.0-py3.10.egg-info
running install_scripts
Installing distance_check script to /home/mohamed/RT/install/assignment1_rt/lib/assignment1_rt
Installing user_interface script to /home/mohamed/RT/install/assignment1_rt/lib/assignment1_rt
writing list of installed files to '/home/mohamed/RT/build/assignment1_rt/install.log'
